Removed Member From Class: ClassName=Stepper1 Member=P6_Stepper1
Removed Member From Class: ClassName=Stepper2 Member=P6_Stepper2
Removed Member From Class: ClassName=Stepper3 Member=P6_Stepper3
Removed Member From Class: ClassName=Stepper4 Member=P6_Stepper4
Removed Member From Class: ClassName=Stepper5 Member=P6_Stepper5
Removed Member From Class: ClassName=Stepper6 Member=P6_Stepper6
Change Component Designator: OldDesignator=C1_Stepper1 NewDesignator=C11_Stepper1
Change Component Designator: OldDesignator=C1_Stepper2 NewDesignator=C11_Stepper2
Change Component Designator: OldDesignator=C1_Stepper3 NewDesignator=C11_Stepper3
Change Component Designator: OldDesignator=C1_Stepper4 NewDesignator=C11_Stepper4
Change Component Designator: OldDesignator=C1_Stepper5 NewDesignator=C11_Stepper5
Change Component Designator: OldDesignator=C1_Stepper6 NewDesignator=C11_Stepper6
Change Component Designator: OldDesignator=P2_Stepper1 NewDesignator=P3_Stepper1
Change Component Designator: OldDesignator=P2_Stepper2 NewDesignator=P3_Stepper2
Change Component Designator: OldDesignator=P2_Stepper3 NewDesignator=P3_Stepper3
Change Component Designator: OldDesignator=P2_Stepper4 NewDesignator=P3_Stepper4
Change Component Designator: OldDesignator=P2_Stepper5 NewDesignator=P3_Stepper5
Change Component Designator: OldDesignator=P2_Stepper6 NewDesignator=P3_Stepper6
Change Component Designator: OldDesignator=P3 NewDesignator=P4
Change Component Designator: OldDesignator=P4 NewDesignator=P5
Change Component Designator: OldDesignator=P5 NewDesignator=P6
Change Component Designator: OldDesignator=P6_Stepper1 NewDesignator=P2_Stepper1
Change Component Designator: OldDesignator=P6_Stepper2 NewDesignator=P2_Stepper2
Change Component Designator: OldDesignator=P6_Stepper3 NewDesignator=P2_Stepper3
Change Component Designator: OldDesignator=P6_Stepper4 NewDesignator=P2_Stepper4
Change Component Designator: OldDesignator=P6_Stepper5 NewDesignator=P2_Stepper5
Change Component Designator: OldDesignator=P6_Stepper6 NewDesignator=P2_Stepper6
Change Net Name : Old Net Name=NetP2_Stepper1_2 New Net Name=NetP2_Stepper1_9
Change Net Name : Old Net Name=NetP2_Stepper1_3 New Net Name=NetP2_Stepper1_8
Change Net Name : Old Net Name=NetP2_Stepper2_2 New Net Name=NetP2_Stepper2_9
Change Net Name : Old Net Name=NetP2_Stepper2_3 New Net Name=NetP2_Stepper2_8
Change Net Name : Old Net Name=NetP2_Stepper3_2 New Net Name=NetP2_Stepper3_9
Change Net Name : Old Net Name=NetP2_Stepper3_3 New Net Name=NetP2_Stepper3_8
Change Net Name : Old Net Name=NetP2_Stepper4_2 New Net Name=NetP2_Stepper4_9
Change Net Name : Old Net Name=NetP2_Stepper4_3 New Net Name=NetP2_Stepper4_8
Change Net Name : Old Net Name=NetP2_Stepper5_2 New Net Name=NetP2_Stepper5_9
Change Net Name : Old Net Name=NetP2_Stepper5_3 New Net Name=NetP2_Stepper5_8
Change Net Name : Old Net Name=NetP2_Stepper6_2 New Net Name=NetP2_Stepper6_9
Change Net Name : Old Net Name=NetP2_Stepper6_3 New Net Name=NetP2_Stepper6_8
Change Net Name : Old Net Name=NetP3_7 New Net Name=NetP4_7
Change Net Name : Old Net Name=NetP3_9 New Net Name=NetP4_9
Change Net Name : Old Net Name=NetP3_11 New Net Name=NetP4_11
Change Net Name : Old Net Name=NetP3_13 New Net Name=NetP4_13
Change Net Name : Old Net Name=NetP3_14 New Net Name=NetP4_14
Change Net Name : Old Net Name=NetP3_15 New Net Name=NetP4_15
Change Net Name : Old Net Name=NetP3_16 New Net Name=NetP4_16
Change Net Name : Old Net Name=NetP3_17 New Net Name=NetP4_17
Change Net Name : Old Net Name=NetP3_18 New Net Name=NetP4_18
Change Net Name : Old Net Name=NetP3_19 New Net Name=NetP4_19
Change Net Name : Old Net Name=NetP3_20 New Net Name=NetP4_20
Change Net Name : Old Net Name=NetP3_21 New Net Name=NetP4_21
Change Net Name : Old Net Name=NetP3_22 New Net Name=NetP4_22
Change Net Name : Old Net Name=NetP3_23 New Net Name=NetP4_23
Change Net Name : Old Net Name=NetP3_24 New Net Name=NetP4_24
Change Net Name : Old Net Name=NetP3_25 New Net Name=NetP4_25
Change Net Name : Old Net Name=NetP3_26 New Net Name=NetP4_26
Change Net Name : Old Net Name=NetP4_2 New Net Name=NetP5_2
Change Net Name : Old Net Name=NetP4_3 New Net Name=NetP5_3
Change Net Name : Old Net Name=NetP4_4 New Net Name=NetP5_4
Change Net Name : Old Net Name=NetP4_6 New Net Name=NetP5_6
Change Net Name : Old Net Name=NetP4_7 New Net Name=NetP5_7
Change Net Name : Old Net Name=NetP4_9 New Net Name=NetP5_9
Change Net Name : Old Net Name=NetP4_11 New Net Name=NetP5_11
Change Net Name : Old Net Name=NetP4_13 New Net Name=NetP5_13
Change Net Name : Old Net Name=NetP4_15 New Net Name=NetP5_15
Change Net Name : Old Net Name=NetP4_16 New Net Name=NetP5_16
Change Net Name : Old Net Name=NetP4_17 New Net Name=NetP5_17
Change Net Name : Old Net Name=NetP4_18 New Net Name=NetP5_18
Change Net Name : Old Net Name=NetP4_19 New Net Name=NetP5_19
Change Net Name : Old Net Name=NetP4_20 New Net Name=NetP5_20
Change Net Name : Old Net Name=NetP4_21 New Net Name=NetP5_21
Change Net Name : Old Net Name=NetP4_22 New Net Name=NetP5_22
Change Net Name : Old Net Name=NetP4_23 New Net Name=NetP5_23
Change Net Name : Old Net Name=NetP4_24 New Net Name=NetP5_24
Change Net Name : Old Net Name=NetP4_25 New Net Name=NetP5_25
Change Net Name : Old Net Name=NetP4_26 New Net Name=NetP5_26
Change Net Name : Old Net Name=NetP5_1 New Net Name=NetP6_1
Change Net Name : Old Net Name=NetP5_2 New Net Name=NetP6_2
Change Net Name : Old Net Name=NetP5_3 New Net Name=NetP6_3
Change Net Name : Old Net Name=NetP5_4 New Net Name=NetP6_4
Change Net Name : Old Net Name=NetP5_5 New Net Name=NetP6_5
Change Net Name : Old Net Name=NetP5_6 New Net Name=NetP6_6
Change Net Name : Old Net Name=NetP5_7 New Net Name=NetP6_7
Change Net Name : Old Net Name=NetP6_Stepper1_4 New Net Name=NetP2_Stepper1_4
Change Net Name : Old Net Name=NetP6_Stepper1_5 New Net Name=NetP2_Stepper1_5
Change Net Name : Old Net Name=NetP6_Stepper1_6 New Net Name=NetP2_Stepper1_6
Added Member To Class: ClassName=Stepper1 Member=Component P3_Stepper1 (P3) Header 3
Added Member To Class: ClassName=Stepper2 Member=Component P3_Stepper2 (P3) Header 3
Added Member To Class: ClassName=Stepper3 Member=Component P3_Stepper3 (P3) Header 3
Added Member To Class: ClassName=Stepper4 Member=Component P3_Stepper4 (P3) Header 3
Added Member To Class: ClassName=Stepper5 Member=Component P3_Stepper5 (P3) Header 3
Added Member To Class: ClassName=Stepper6 Member=Component P3_Stepper6 (P3) Header 3
