Removed Pin From Net: NetName=GND Pin=P2_U_StepperInterface1-1
Removed Pin From Net: NetName=GND Pin=P2_U_StepperInterface2-1
Removed Pin From Net: NetName=GND Pin=P2_U_StepperInterface3-1
Removed Pin From Net: NetName=GND Pin=P2_U_StepperInterface4-1
Removed Pin From Net: NetName=GND Pin=P2_U_StepperInterface5-1
Removed Pin From Net: NetName=GND Pin=P3-1
Removed Pin From Net: NetName=NetP3_7 Pin=P3-7
Removed Pin From Net: NetName=NetP3_9 Pin=P3-9
Removed Pin From Net: NetName=NetP3_11 Pin=P3-11
Removed Pin From Net: NetName=NetP3_13 Pin=P3-13
Removed Pin From Net: NetName=NetP3_14 Pin=P3-14
Removed Pin From Net: NetName=NetP3_15 Pin=P3-15
Removed Pin From Net: NetName=NetP3_16 Pin=P3-16
Removed Pin From Net: NetName=NetP3_17 Pin=P3-17
Removed Pin From Net: NetName=NetP3_18 Pin=P3-18
Removed Pin From Net: NetName=NetP3_19 Pin=P3-19
Removed Pin From Net: NetName=NetP3_20 Pin=P3-20
Removed Pin From Net: NetName=NetP3_21 Pin=P3-21
Removed Pin From Net: NetName=NetP3_22 Pin=P3-22
Removed Pin From Net: NetName=NetP3_23 Pin=P3-23
Removed Pin From Net: NetName=NetP3_24 Pin=P3-24
Removed Pin From Net: NetName=NetP3_25 Pin=P3-25
Removed Pin From Net: NetName=NetP3_26 Pin=P3-26
Removed Member From Class: ClassName=U_Teensy3 Member=P?
Change Component Footprint: Designator=P4 Old Footprint=MHDR2X13 New Footprint=HDR2X13
Change Component Comment : Designator=P4 Old Comment=MHDR2X13 New Comment=Header 13X2
Change Component Designator: OldDesignator=P? NewDesignator=P3
Added Component: Designator=P2_Stepper1(HDR1X3)
Add component. Clean all parameters for all variants
Add component (AddParameter): Name = "LatestRevisionDate"; Value = "17-Jul-2002"; VariantName = "[No Variations]"
Add component (AddParameter): Name = "LatestRevisionNote"; Value = "Re-released for DXP Platform."; VariantName = "[No Variations]"
Add component (AddParameter): Name = "Publisher"; Value = "Altium Limited"; VariantName = "[No Variations]"
Added Component: Designator=P2_Stepper2(HDR1X3)
Add component. Clean all parameters for all variants
Add component (AddParameter): Name = "LatestRevisionDate"; Value = "17-Jul-2002"; VariantName = "[No Variations]"
Add component (AddParameter): Name = "LatestRevisionNote"; Value = "Re-released for DXP Platform."; VariantName = "[No Variations]"
Add component (AddParameter): Name = "Publisher"; Value = "Altium Limited"; VariantName = "[No Variations]"
Added Component: Designator=P2_Stepper3(HDR1X3)
Add component. Clean all parameters for all variants
Add component (AddParameter): Name = "LatestRevisionDate"; Value = "17-Jul-2002"; VariantName = "[No Variations]"
Add component (AddParameter): Name = "LatestRevisionNote"; Value = "Re-released for DXP Platform."; VariantName = "[No Variations]"
Add component (AddParameter): Name = "Publisher"; Value = "Altium Limited"; VariantName = "[No Variations]"
Added Component: Designator=P2_Stepper4(HDR1X3)
Add component. Clean all parameters for all variants
Add component (AddParameter): Name = "LatestRevisionDate"; Value = "17-Jul-2002"; VariantName = "[No Variations]"
Add component (AddParameter): Name = "LatestRevisionNote"; Value = "Re-released for DXP Platform."; VariantName = "[No Variations]"
Add component (AddParameter): Name = "Publisher"; Value = "Altium Limited"; VariantName = "[No Variations]"
Added Component: Designator=P2_Stepper5(HDR1X3)
Add component. Clean all parameters for all variants
Add component (AddParameter): Name = "LatestRevisionDate"; Value = "17-Jul-2002"; VariantName = "[No Variations]"
Add component (AddParameter): Name = "LatestRevisionNote"; Value = "Re-released for DXP Platform."; VariantName = "[No Variations]"
Add component (AddParameter): Name = "Publisher"; Value = "Altium Limited"; VariantName = "[No Variations]"
Added Component: Designator=P2_Stepper6(HDR1X3)
Add component. Clean all parameters for all variants
Add component (AddParameter): Name = "LatestRevisionDate"; Value = "17-Jul-2002"; VariantName = "[No Variations]"
Add component (AddParameter): Name = "LatestRevisionNote"; Value = "Re-released for DXP Platform."; VariantName = "[No Variations]"
Add component (AddParameter): Name = "Publisher"; Value = "Altium Limited"; VariantName = "[No Variations]"
Added Pin To Net: NetName=GND Pin=P2_Stepper1-1
Added Pin To Net: NetName=GND Pin=P2_Stepper2-1
Added Pin To Net: NetName=GND Pin=P2_Stepper3-1
Added Pin To Net: NetName=GND Pin=P2_Stepper4-1
Added Pin To Net: NetName=GND Pin=P2_Stepper5-1
Added Pin To Net: NetName=GND Pin=P2_Stepper6-1
Added Pin To Net: NetName=GND Pin=P3-1
Added Pin To Net: NetName=NetP3_7 Pin=P3-7
Added Pin To Net: NetName=NetP3_9 Pin=P3-9
Added Pin To Net: NetName=NetP3_11 Pin=P3-11
Added Pin To Net: NetName=NetP3_13 Pin=P3-13
Added Pin To Net: NetName=NetP3_14 Pin=P3-14
Added Pin To Net: NetName=NetP3_15 Pin=P3-15
Added Pin To Net: NetName=NetP3_16 Pin=P3-16
Added Pin To Net: NetName=NetP3_17 Pin=P3-17
Added Pin To Net: NetName=NetP3_18 Pin=P3-18
Added Pin To Net: NetName=NetP3_19 Pin=P3-19
Added Pin To Net: NetName=NetP3_20 Pin=P3-20
Added Pin To Net: NetName=NetP3_21 Pin=P3-21
Added Pin To Net: NetName=NetP3_22 Pin=P3-22
Added Pin To Net: NetName=NetP3_23 Pin=P3-23
Added Pin To Net: NetName=NetP3_24 Pin=P3-24
Added Pin To Net: NetName=NetP3_25 Pin=P3-25
Added Pin To Net: NetName=NetP3_26 Pin=P3-26
Change Net Name : Old Net Name=NetP4_8 New Net Name=StepperDIR1
Change Net Name : Old Net Name=NetP4_10 New Net Name=StepperDIR2
Change Net Name : Old Net Name=NetP4_12 New Net Name=StepperDIR3
Change Net Name : Old Net Name=NetP4_14 New Net Name=StepperDIR4
Added Net: Name=NetJ1_Stepper1_4
Added Net: Name=NetJ1_Stepper1_5
Added Net: Name=NetJ1_Stepper1_6
Added Pin To Net: NetName=NetJ1_Stepper1_8 Pin=P2_Stepper1-3
Added Net: Name=NetJ1_Stepper1_8
Added Pin To Net: NetName=NetJ1_Stepper1_9 Pin=P2_Stepper1-2
Added Net: Name=NetJ1_Stepper1_9
Added Pin To Net: NetName=NetJ1_Stepper2_8 Pin=P2_Stepper2-3
Added Net: Name=NetJ1_Stepper2_8
Added Pin To Net: NetName=NetJ1_Stepper2_9 Pin=P2_Stepper2-2
Added Net: Name=NetJ1_Stepper2_9
Added Pin To Net: NetName=NetJ1_Stepper3_8 Pin=P2_Stepper3-3
Added Net: Name=NetJ1_Stepper3_8
Added Pin To Net: NetName=NetJ1_Stepper3_9 Pin=P2_Stepper3-2
Added Net: Name=NetJ1_Stepper3_9
Added Pin To Net: NetName=NetJ1_Stepper4_8 Pin=P2_Stepper4-3
Added Net: Name=NetJ1_Stepper4_8
Added Pin To Net: NetName=NetJ1_Stepper4_9 Pin=P2_Stepper4-2
Added Net: Name=NetJ1_Stepper4_9
Added Pin To Net: NetName=NetJ1_Stepper5_8 Pin=P2_Stepper5-3
Added Net: Name=NetJ1_Stepper5_8
Added Pin To Net: NetName=NetJ1_Stepper5_9 Pin=P2_Stepper5-2
Added Net: Name=NetJ1_Stepper5_9
Added Pin To Net: NetName=NetJ1_Stepper6_8 Pin=P2_Stepper6-3
Added Net: Name=NetJ1_Stepper6_8
Added Pin To Net: NetName=NetJ1_Stepper6_9 Pin=P2_Stepper6-2
Added Net: Name=NetJ1_Stepper6_9
Added Pin To Net: NetName=RX1 Pin=P3-3
Added Net: Name=RX1
Added Net: Name=StepperDIR
Added Pin To Net: NetName=TX1 Pin=P3-5
Added Net: Name=TX1
Added Class: Name=Stepper1
Added Class: Name=Stepper2
Added Class: Name=Stepper3
Added Class: Name=Stepper4
Added Class: Name=Stepper5
Added Class: Name=Stepper6
Added Class: Name=StepperDIR[6..1]
Change Room Name: Old Name=U_StepperInterface4 New Name=Stepper5
Change Room Scope: Old Scope=InComponentClass('U_StepperInterface4') New Scope=InComponentClass('Stepper5')
Change Room Name: Old Name=U_StepperInterface5 New Name=Stepper6
Change Room Scope: Old Scope=InComponentClass('U_StepperInterface5') New Scope=InComponentClass('Stepper6')
Added Room: Name=Stepper1
Added Room: Name=Stepper2
Added Room: Name=Stepper3
Added Room: Name=Stepper4
