Removed Pin From Net: NetName=VDD_U_StepperInterface2 Pin=C4-1
Removed Pin From Net: NetName=VDD_U_StepperInterface2 Pin=C5-2
Removed Pin From Net: NetName=VDD_U_StepperInterface2 Pin=C6-2
Removed Pin From Net: NetName=VDD_U_StepperInterface2 Pin=C7-2
Removed Pin From Net: NetName=VDD_U_StepperInterface2 Pin=J1-2
Removed Pin From Net: NetName=COMM_U_StepperInterface2 Pin=Q1-1
Removed Pin From Net: NetName=2ACTIVE1 Pin=Q1-2
Removed Pin From Net: NetName=NetP23_Drive2Pin1_1 Pin=Q1-3
Removed Pin From Net: NetName=COMM_U_StepperInterface2 Pin=Q2-1
Removed Pin From Net: NetName=2ACTIVE2 Pin=Q2-2
Removed Pin From Net: NetName=NetP23_Drive2Pin2_1 Pin=Q2-3
Removed Pin From Net: NetName=COMM_U_StepperInterface2 Pin=Q3-1
Removed Pin From Net: NetName=2ACTIVE3 Pin=Q3-2
Removed Pin From Net: NetName=NetP23_Drive2Pin3_1 Pin=Q3-3
Removed Pin From Net: NetName=COMM_U_StepperInterface2 Pin=Q4-1
Removed Pin From Net: NetName=2ACTIVE4 Pin=Q4-2
Removed Pin From Net: NetName=NetP23_Drive2Pin4_1 Pin=Q4-3
Removed Pin From Net: NetName=VDD_U_StepperInterface2 Pin=R1-2
Removed Pin From Net: NetName=VDD_U_StepperInterface2 Pin=U2-2
Removed Member From Class: ClassName=Drive2Pin1 Member=Q1
Removed Member From Class: ClassName=Drive2Pin2 Member=Q2
Removed Member From Class: ClassName=Drive2Pin3 Member=Q3
Removed Member From Class: ClassName=Drive2Pin4 Member=Q4
Change Component Designator: OldDesignator=C1 NewDesignator=C10_U_StepperInterface4
Change Component Designator: OldDesignator=C2 NewDesignator=C10_U_StepperInterface2
Change Component Designator: OldDesignator=C3 NewDesignator=C10_U_StepperInterface3
Change Component Designator: OldDesignator=C10 NewDesignator=C10_U_StepperInterface6
Change Component Designator: OldDesignator=C15 NewDesignator=C10_U_StepperInterface5
Change Component Designator: OldDesignator=P1 NewDesignator=P11_U_StepperInterface4
Change Component Designator: OldDesignator=P2 NewDesignator=P11_U_StepperInterface2
Change Component Designator: OldDesignator=P3 NewDesignator=P11_U_StepperInterface3
Change Component Designator: OldDesignator=P4 NewDesignator=P7_U_StepperInterface4
Change Component Designator: OldDesignator=P5 NewDesignator=P7_U_StepperInterface2
Change Component Designator: OldDesignator=P6 NewDesignator=P7_U_StepperInterface3
Change Component Designator: OldDesignator=P7 NewDesignator=P7_U_StepperInterface6
Change Component Designator: OldDesignator=P8 NewDesignator=P22_Sense3Pin1
Change Component Designator: OldDesignator=P9 NewDesignator=P23_Drive2Pin1
Change Component Designator: OldDesignator=P10 NewDesignator=P24_Sense2Pin1
Change Component Designator: OldDesignator=P11 NewDesignator=P11_U_StepperInterface6
Change Component Designator: OldDesignator=P12 NewDesignator=P24_Sense2Pin3
Change Component Designator: OldDesignator=P13 NewDesignator=P22_Sense3Pin2
Change Component Designator: OldDesignator=P14 NewDesignator=P23_Drive2Pin2
Change Component Designator: OldDesignator=P15 NewDesignator=P24_Sense2Pin2
Change Component Designator: OldDesignator=P16 NewDesignator=P24_Sense2Pin5
Change Component Designator: OldDesignator=P17 NewDesignator=P22_Sense3Pin3
Change Component Designator: OldDesignator=P18 NewDesignator=P23_Drive2Pin3
Change Component Designator: OldDesignator=P19 NewDesignator=P7_U_StepperInterface5
Change Component Designator: OldDesignator=P20 NewDesignator=P24_Sense2Pin4
Change Component Designator: OldDesignator=P21 NewDesignator=P11_U_StepperInterface5
Change Component Designator: OldDesignator=P22 NewDesignator=P22_Sense3Pin4
Change Component Designator: OldDesignator=P23 NewDesignator=P23_Drive2Pin4
Change Component Designator: OldDesignator=P24 NewDesignator=P24_Sense2Pin6
Added Component: Designator=P1(HDR1X3)
Add component. Clean all parameters for all variants
Add component (AddParameter): Name = "LatestRevisionDate"; Value = "17-Jul-2002"; VariantName = "[No Variations]"
Add component (AddParameter): Name = "LatestRevisionNote"; Value = "Re-released for DXP Platform."; VariantName = "[No Variations]"
Add component (AddParameter): Name = "Publisher"; Value = "Altium Limited"; VariantName = "[No Variations]"
Added Component: Designator=Q1_Drive2Pin1(DIOD-SOT23F-3_V)
Add component. Clean all parameters for all variants
Add component (AddParameter): Name = "Category"; Value = "IntegratedCircuits(ICs)"; VariantName = "[No Variations]"
Add component (AddParameter): Name = "Current - Output (Max)"; Value = "1.3A"; VariantName = "[No Variations]"
Add component (AddParameter): Name = "Datasheet URL"; Value = "https://datasheet.ciiva.com/15109/getdatasheetpartid-411522-15109086.pdf"; VariantName = "[No Variations]"
Add component (AddParameter): Name = "Datasheet Version"; Value = "Rev. 6-2, 10/2014"; VariantName = "[No Variations]"
Add component (AddParameter): Name = "Family"; Value = "PMIC-PowerDistributionSwitches,LoadDrivers"; VariantName = "[No Variations]"
Add component (AddParameter): Name = "Fault Protection"; Value = "CurrentLimiting(Fixed),OverTemperature,OverVoltage"; VariantName = "[No Variations]"
Add component (AddParameter): Name = "Featured Product"; Value = "ZXMS6004FF60VN-ChannelMOSFET"; VariantName = "[No Variations]"
Add component (AddParameter): Name = "Features"; Value = "AutoRestart"; VariantName = "[No Variations]"
Add component (AddParameter): Name = "Input Type"; Value = "Non-Inverting"; VariantName = "[No Variations]"
Add component (AddParameter): Name = "Interface"; Value = "On/Off"; VariantName = "[No Variations]"
Add component (AddParameter): Name = "Manufacturer"; Value = "Diodes Inc"; VariantName = "[No Variations]"
Add component (AddParameter): Name = "Manufacturer URL"; Value = "http://www.diodes.com/"; VariantName = "[No Variations]"
Add component (AddParameter): Name = "Mounting Technology"; Value = "SurfaceMount"; VariantName = "[No Variations]"
Add component (AddParameter): Name = "Number of Outputs"; Value = "1"; VariantName = "[No Variations]"
Add component (AddParameter): Name = "Online Catalog"; Value = "GeneralPurpose"; VariantName = "[No Variations]"
Add component (AddParameter): Name = "Operating Temperature"; Value = "-40°C~150°C(TJ)"; VariantName = "[No Variations]"
Add component (AddParameter): Name = "Other Names"; Value = "ZXMS6004FFTR"; VariantName = "[No Variations]"
Add component (AddParameter): Name = "Output Configuration"; Value = "LowSide"; VariantName = "[No Variations]"
Add component (AddParameter): Name = "Output Type"; Value = "N-Channel"; VariantName = "[No Variations]"
Add component (AddParameter): Name = "Package / Case"; Value = "SOT-23-3FlatLeads"; VariantName = "[No Variations]"
Add component (AddParameter): Name = "Package Description"; Value = "3-Pin Small Outline Transistor Flat Lead, Body 2.9 x 1.6 mm, Pitch 0.95 mm"; VariantName = "[No Variations]"
Add component (AddParameter): Name = "Package Reference"; Value = "SOT23F-3"; VariantName = "[No Variations]"
Add component (AddParameter): Name = "Packaging"; Value = "Tape&Reel(TR)"; VariantName = "[No Variations]"
Add component (AddParameter): Name = "PCN Design/Specification"; Value = "PartMarkingUpdate25/Sep/2015"; VariantName = "[No Variations]"
Add component (AddParameter): Name = "Product Training Modules"; Value = "IntelliFET's"; VariantName = "[No Variations]"
Add component (AddParameter): Name = "Ratio - Input"; Value = "Output:1:1"; VariantName = "[No Variations]"
Add component (AddParameter): Name = "Rds On (Typ)"; Value = "350mOhm"; VariantName = "[No Variations]"
Add component (AddParameter): Name = "RoHS Information"; Value = "RoHSCertofCompliance"; VariantName = "[No Variations]"
Add component (AddParameter): Name = "Series"; Value = "Automotive,AEC-Q101,INTELLIFET®"; VariantName = "[No Variations]"
Add component (AddParameter): Name = "Standard Package"; Value = "3,000"; VariantName = "[No Variations]"
Add component (AddParameter): Name = "Supplier Device Package"; Value = "SOT-23F"; VariantName = "[No Variations]"
Add component (AddParameter): Name = "Switch Type"; Value = "GeneralPurpose"; VariantName = "[No Variations]"
Add component (AddParameter): Name = "Voltage - Load"; Value = "60V(Max)"; VariantName = "[No Variations]"
Add component (AddParameter): Name = "Voltage - Supply (Vcc/Vdd)"; Value = "3.3V,5V"; VariantName = "[No Variations]"
Added Component: Designator=Q1_Drive2Pin2(DIOD-SOT23F-3_V)
Add component. Clean all parameters for all variants
Add component (AddParameter): Name = "Category"; Value = "IntegratedCircuits(ICs)"; VariantName = "[No Variations]"
Add component (AddParameter): Name = "Current - Output (Max)"; Value = "1.3A"; VariantName = "[No Variations]"
Add component (AddParameter): Name = "Datasheet URL"; Value = "https://datasheet.ciiva.com/15109/getdatasheetpartid-411522-15109086.pdf"; VariantName = "[No Variations]"
Add component (AddParameter): Name = "Datasheet Version"; Value = "Rev. 6-2, 10/2014"; VariantName = "[No Variations]"
Add component (AddParameter): Name = "Family"; Value = "PMIC-PowerDistributionSwitches,LoadDrivers"; VariantName = "[No Variations]"
Add component (AddParameter): Name = "Fault Protection"; Value = "CurrentLimiting(Fixed),OverTemperature,OverVoltage"; VariantName = "[No Variations]"
Add component (AddParameter): Name = "Featured Product"; Value = "ZXMS6004FF60VN-ChannelMOSFET"; VariantName = "[No Variations]"
Add component (AddParameter): Name = "Features"; Value = "AutoRestart"; VariantName = "[No Variations]"
Add component (AddParameter): Name = "Input Type"; Value = "Non-Inverting"; VariantName = "[No Variations]"
Add component (AddParameter): Name = "Interface"; Value = "On/Off"; VariantName = "[No Variations]"
Add component (AddParameter): Name = "Manufacturer"; Value = "Diodes Inc"; VariantName = "[No Variations]"
Add component (AddParameter): Name = "Manufacturer URL"; Value = "http://www.diodes.com/"; VariantName = "[No Variations]"
Add component (AddParameter): Name = "Mounting Technology"; Value = "SurfaceMount"; VariantName = "[No Variations]"
Add component (AddParameter): Name = "Number of Outputs"; Value = "1"; VariantName = "[No Variations]"
Add component (AddParameter): Name = "Online Catalog"; Value = "GeneralPurpose"; VariantName = "[No Variations]"
Add component (AddParameter): Name = "Operating Temperature"; Value = "-40°C~150°C(TJ)"; VariantName = "[No Variations]"
Add component (AddParameter): Name = "Other Names"; Value = "ZXMS6004FFTR"; VariantName = "[No Variations]"
Add component (AddParameter): Name = "Output Configuration"; Value = "LowSide"; VariantName = "[No Variations]"
Add component (AddParameter): Name = "Output Type"; Value = "N-Channel"; VariantName = "[No Variations]"
Add component (AddParameter): Name = "Package / Case"; Value = "SOT-23-3FlatLeads"; VariantName = "[No Variations]"
Add component (AddParameter): Name = "Package Description"; Value = "3-Pin Small Outline Transistor Flat Lead, Body 2.9 x 1.6 mm, Pitch 0.95 mm"; VariantName = "[No Variations]"
Add component (AddParameter): Name = "Package Reference"; Value = "SOT23F-3"; VariantName = "[No Variations]"
Add component (AddParameter): Name = "Packaging"; Value = "Tape&Reel(TR)"; VariantName = "[No Variations]"
Add component (AddParameter): Name = "PCN Design/Specification"; Value = "PartMarkingUpdate25/Sep/2015"; VariantName = "[No Variations]"
Add component (AddParameter): Name = "Product Training Modules"; Value = "IntelliFET's"; VariantName = "[No Variations]"
Add component (AddParameter): Name = "Ratio - Input"; Value = "Output:1:1"; VariantName = "[No Variations]"
Add component (AddParameter): Name = "Rds On (Typ)"; Value = "350mOhm"; VariantName = "[No Variations]"
Add component (AddParameter): Name = "RoHS Information"; Value = "RoHSCertofCompliance"; VariantName = "[No Variations]"
Add component (AddParameter): Name = "Series"; Value = "Automotive,AEC-Q101,INTELLIFET®"; VariantName = "[No Variations]"
Add component (AddParameter): Name = "Standard Package"; Value = "3,000"; VariantName = "[No Variations]"
Add component (AddParameter): Name = "Supplier Device Package"; Value = "SOT-23F"; VariantName = "[No Variations]"
Add component (AddParameter): Name = "Switch Type"; Value = "GeneralPurpose"; VariantName = "[No Variations]"
Add component (AddParameter): Name = "Voltage - Load"; Value = "60V(Max)"; VariantName = "[No Variations]"
Add component (AddParameter): Name = "Voltage - Supply (Vcc/Vdd)"; Value = "3.3V,5V"; VariantName = "[No Variations]"
Added Component: Designator=Q1_Drive2Pin3(DIOD-SOT23F-3_V)
Add component. Clean all parameters for all variants
Add component (AddParameter): Name = "Category"; Value = "IntegratedCircuits(ICs)"; VariantName = "[No Variations]"
Add component (AddParameter): Name = "Current - Output (Max)"; Value = "1.3A"; VariantName = "[No Variations]"
Add component (AddParameter): Name = "Datasheet URL"; Value = "https://datasheet.ciiva.com/15109/getdatasheetpartid-411522-15109086.pdf"; VariantName = "[No Variations]"
Add component (AddParameter): Name = "Datasheet Version"; Value = "Rev. 6-2, 10/2014"; VariantName = "[No Variations]"
Add component (AddParameter): Name = "Family"; Value = "PMIC-PowerDistributionSwitches,LoadDrivers"; VariantName = "[No Variations]"
Add component (AddParameter): Name = "Fault Protection"; Value = "CurrentLimiting(Fixed),OverTemperature,OverVoltage"; VariantName = "[No Variations]"
Add component (AddParameter): Name = "Featured Product"; Value = "ZXMS6004FF60VN-ChannelMOSFET"; VariantName = "[No Variations]"
Add component (AddParameter): Name = "Features"; Value = "AutoRestart"; VariantName = "[No Variations]"
Add component (AddParameter): Name = "Input Type"; Value = "Non-Inverting"; VariantName = "[No Variations]"
Add component (AddParameter): Name = "Interface"; Value = "On/Off"; VariantName = "[No Variations]"
Add component (AddParameter): Name = "Manufacturer"; Value = "Diodes Inc"; VariantName = "[No Variations]"
Add component (AddParameter): Name = "Manufacturer URL"; Value = "http://www.diodes.com/"; VariantName = "[No Variations]"
Add component (AddParameter): Name = "Mounting Technology"; Value = "SurfaceMount"; VariantName = "[No Variations]"
Add component (AddParameter): Name = "Number of Outputs"; Value = "1"; VariantName = "[No Variations]"
Add component (AddParameter): Name = "Online Catalog"; Value = "GeneralPurpose"; VariantName = "[No Variations]"
Add component (AddParameter): Name = "Operating Temperature"; Value = "-40°C~150°C(TJ)"; VariantName = "[No Variations]"
Add component (AddParameter): Name = "Other Names"; Value = "ZXMS6004FFTR"; VariantName = "[No Variations]"
Add component (AddParameter): Name = "Output Configuration"; Value = "LowSide"; VariantName = "[No Variations]"
Add component (AddParameter): Name = "Output Type"; Value = "N-Channel"; VariantName = "[No Variations]"
Add component (AddParameter): Name = "Package / Case"; Value = "SOT-23-3FlatLeads"; VariantName = "[No Variations]"
Add component (AddParameter): Name = "Package Description"; Value = "3-Pin Small Outline Transistor Flat Lead, Body 2.9 x 1.6 mm, Pitch 0.95 mm"; VariantName = "[No Variations]"
Add component (AddParameter): Name = "Package Reference"; Value = "SOT23F-3"; VariantName = "[No Variations]"
Add component (AddParameter): Name = "Packaging"; Value = "Tape&Reel(TR)"; VariantName = "[No Variations]"
Add component (AddParameter): Name = "PCN Design/Specification"; Value = "PartMarkingUpdate25/Sep/2015"; VariantName = "[No Variations]"
Add component (AddParameter): Name = "Product Training Modules"; Value = "IntelliFET's"; VariantName = "[No Variations]"
Add component (AddParameter): Name = "Ratio - Input"; Value = "Output:1:1"; VariantName = "[No Variations]"
Add component (AddParameter): Name = "Rds On (Typ)"; Value = "350mOhm"; VariantName = "[No Variations]"
Add component (AddParameter): Name = "RoHS Information"; Value = "RoHSCertofCompliance"; VariantName = "[No Variations]"
Add component (AddParameter): Name = "Series"; Value = "Automotive,AEC-Q101,INTELLIFET®"; VariantName = "[No Variations]"
Add component (AddParameter): Name = "Standard Package"; Value = "3,000"; VariantName = "[No Variations]"
Add component (AddParameter): Name = "Supplier Device Package"; Value = "SOT-23F"; VariantName = "[No Variations]"
Add component (AddParameter): Name = "Switch Type"; Value = "GeneralPurpose"; VariantName = "[No Variations]"
Add component (AddParameter): Name = "Voltage - Load"; Value = "60V(Max)"; VariantName = "[No Variations]"
Add component (AddParameter): Name = "Voltage - Supply (Vcc/Vdd)"; Value = "3.3V,5V"; VariantName = "[No Variations]"
Added Component: Designator=Q1_Drive2Pin4(DIOD-SOT23F-3_V)
Add component. Clean all parameters for all variants
Add component (AddParameter): Name = "Category"; Value = "IntegratedCircuits(ICs)"; VariantName = "[No Variations]"
Add component (AddParameter): Name = "Current - Output (Max)"; Value = "1.3A"; VariantName = "[No Variations]"
Add component (AddParameter): Name = "Datasheet URL"; Value = "https://datasheet.ciiva.com/15109/getdatasheetpartid-411522-15109086.pdf"; VariantName = "[No Variations]"
Add component (AddParameter): Name = "Datasheet Version"; Value = "Rev. 6-2, 10/2014"; VariantName = "[No Variations]"
Add component (AddParameter): Name = "Family"; Value = "PMIC-PowerDistributionSwitches,LoadDrivers"; VariantName = "[No Variations]"
Add component (AddParameter): Name = "Fault Protection"; Value = "CurrentLimiting(Fixed),OverTemperature,OverVoltage"; VariantName = "[No Variations]"
Add component (AddParameter): Name = "Featured Product"; Value = "ZXMS6004FF60VN-ChannelMOSFET"; VariantName = "[No Variations]"
Add component (AddParameter): Name = "Features"; Value = "AutoRestart"; VariantName = "[No Variations]"
Add component (AddParameter): Name = "Input Type"; Value = "Non-Inverting"; VariantName = "[No Variations]"
Add component (AddParameter): Name = "Interface"; Value = "On/Off"; VariantName = "[No Variations]"
Add component (AddParameter): Name = "Manufacturer"; Value = "Diodes Inc"; VariantName = "[No Variations]"
Add component (AddParameter): Name = "Manufacturer URL"; Value = "http://www.diodes.com/"; VariantName = "[No Variations]"
Add component (AddParameter): Name = "Mounting Technology"; Value = "SurfaceMount"; VariantName = "[No Variations]"
Add component (AddParameter): Name = "Number of Outputs"; Value = "1"; VariantName = "[No Variations]"
Add component (AddParameter): Name = "Online Catalog"; Value = "GeneralPurpose"; VariantName = "[No Variations]"
Add component (AddParameter): Name = "Operating Temperature"; Value = "-40°C~150°C(TJ)"; VariantName = "[No Variations]"
Add component (AddParameter): Name = "Other Names"; Value = "ZXMS6004FFTR"; VariantName = "[No Variations]"
Add component (AddParameter): Name = "Output Configuration"; Value = "LowSide"; VariantName = "[No Variations]"
Add component (AddParameter): Name = "Output Type"; Value = "N-Channel"; VariantName = "[No Variations]"
Add component (AddParameter): Name = "Package / Case"; Value = "SOT-23-3FlatLeads"; VariantName = "[No Variations]"
Add component (AddParameter): Name = "Package Description"; Value = "3-Pin Small Outline Transistor Flat Lead, Body 2.9 x 1.6 mm, Pitch 0.95 mm"; VariantName = "[No Variations]"
Add component (AddParameter): Name = "Package Reference"; Value = "SOT23F-3"; VariantName = "[No Variations]"
Add component (AddParameter): Name = "Packaging"; Value = "Tape&Reel(TR)"; VariantName = "[No Variations]"
Add component (AddParameter): Name = "PCN Design/Specification"; Value = "PartMarkingUpdate25/Sep/2015"; VariantName = "[No Variations]"
Add component (AddParameter): Name = "Product Training Modules"; Value = "IntelliFET's"; VariantName = "[No Variations]"
Add component (AddParameter): Name = "Ratio - Input"; Value = "Output:1:1"; VariantName = "[No Variations]"
Add component (AddParameter): Name = "Rds On (Typ)"; Value = "350mOhm"; VariantName = "[No Variations]"
Add component (AddParameter): Name = "RoHS Information"; Value = "RoHSCertofCompliance"; VariantName = "[No Variations]"
Add component (AddParameter): Name = "Series"; Value = "Automotive,AEC-Q101,INTELLIFET®"; VariantName = "[No Variations]"
Add component (AddParameter): Name = "Standard Package"; Value = "3,000"; VariantName = "[No Variations]"
Add component (AddParameter): Name = "Supplier Device Package"; Value = "SOT-23F"; VariantName = "[No Variations]"
Add component (AddParameter): Name = "Switch Type"; Value = "GeneralPurpose"; VariantName = "[No Variations]"
Add component (AddParameter): Name = "Voltage - Load"; Value = "60V(Max)"; VariantName = "[No Variations]"
Add component (AddParameter): Name = "Voltage - Supply (Vcc/Vdd)"; Value = "3.3V,5V"; VariantName = "[No Variations]"
Added Component: Designator=R7(R0805)
Add component. Clean all parameters for all variants
Add component (AddParameter): Name = "Value"; Value = "1k"; VariantName = "[No Variations]"
Added Component: Designator=U3(BTS50080)
Add component. Clean all parameters for all variants
Added Pin To Net: NetName=GND_U_StepperInterface2 Pin=P1-3
Added Pin To Net: NetName=2ACTIVE1 Pin=Q1_Drive2Pin1-1
Added Pin To Net: NetName=NetP23_Drive2Pin1_1 Pin=Q1_Drive2Pin1-2
Added Pin To Net: NetName=VDD_U_StepperInterface2 Pin=Q1_Drive2Pin1-3
Added Pin To Net: NetName=2ACTIVE2 Pin=Q1_Drive2Pin2-1
Added Pin To Net: NetName=NetP23_Drive2Pin2_1 Pin=Q1_Drive2Pin2-2
Added Pin To Net: NetName=VDD_U_StepperInterface2 Pin=Q1_Drive2Pin2-3
Added Pin To Net: NetName=2ACTIVE3 Pin=Q1_Drive2Pin3-1
Added Pin To Net: NetName=NetP23_Drive2Pin3_1 Pin=Q1_Drive2Pin3-2
Added Pin To Net: NetName=VDD_U_StepperInterface2 Pin=Q1_Drive2Pin3-3
Added Pin To Net: NetName=2ACTIVE4 Pin=Q1_Drive2Pin4-1
Added Pin To Net: NetName=NetP23_Drive2Pin4_1 Pin=Q1_Drive2Pin4-2
Added Pin To Net: NetName=VDD_U_StepperInterface2 Pin=Q1_Drive2Pin4-3
Added Pin To Net: NetName=GND_U_StepperInterface2 Pin=R7-1
Added Pin To Net: NetName=VDD_U_StepperInterface2 Pin=U3-2
Added Pin To Net: NetName=VDD_U_StepperInterface2 Pin=U3-5
Added Pin To Net: NetName=NetP1_2 Pin=P1-2
Added Pin To Net: NetName=NetP1_2 Pin=U3-3
Added Net: Name=NetP1_2
Added Pin To Net: NetName=NetR7_2 Pin=R7-2
Added Pin To Net: NetName=NetR7_2 Pin=U3-4
Added Net: Name=NetR7_2
Added Pin To Net: NetName=VCC Pin=C4-1
Added Pin To Net: NetName=VCC Pin=C5-2
Added Pin To Net: NetName=VCC Pin=C6-2
Added Pin To Net: NetName=VCC Pin=C7-2
Added Pin To Net: NetName=VCC Pin=J1-2
Added Pin To Net: NetName=VCC Pin=P1-1
Added Pin To Net: NetName=VCC Pin=R1-2
Added Pin To Net: NetName=VCC Pin=U2-2
Added Pin To Net: NetName=VCC Pin=U3-1
Added Net: Name=VCC
Added Member To Class: ClassName=Main Member=Component P1 Header 3
Added Member To Class: ClassName=Drive2Pin1 Member=Component Q1_Drive2Pin1 (Q1) ZXMS6004FFTA
Added Member To Class: ClassName=Drive2Pin2 Member=Component Q1_Drive2Pin2 (Q1) ZXMS6004FFTA
Added Member To Class: ClassName=Drive2Pin3 Member=Component Q1_Drive2Pin3 (Q1) ZXMS6004FFTA
Added Member To Class: ClassName=Drive2Pin4 Member=Component Q1_Drive2Pin4 (Q1) ZXMS6004FFTA
Added Member To Class: ClassName=Main Member=Component R7 Res
Added Member To Class: ClassName=Main Member=Component U3 BTS50080-1TEA
