Removed Pin From Net: NetName=GND_U_StepperInterface2 Pin=J1-1
Removed Pin From Net: NetName=VCC Pin=J1-2
Removed Member From Class: ClassName=Main Member=P2
Removed Member From Class: ClassName=Main Member=U3
Change Component Footprint: Designator=J1 Old Footprint=CXKF-KF129C-2_V New Footprint=TERMINAL_BLOCK
Change Component Comment : Designator=J1 Old Comment=KF129C-02P-14 New Comment=Terminal_Block
Change Component Designator: OldDesignator=C1 NewDesignator=C10_U_StepperInterface4
Change Component Designator: OldDesignator=C2 NewDesignator=C10_U_StepperInterface2
Change Component Designator: OldDesignator=C3 NewDesignator=C10_U_StepperInterface3
Change Component Designator: OldDesignator=C10 NewDesignator=C10_U_StepperInterface6
Change Component Designator: OldDesignator=C14 NewDesignator=C10_U_StepperInterface5
Change Component Designator: OldDesignator=P2 NewDesignator=P12_U_StepperInterface4
Change Component Designator: OldDesignator=P3 NewDesignator=P12_U_StepperInterface2
Change Component Designator: OldDesignator=P4 NewDesignator=P12_U_StepperInterface3
Change Component Designator: OldDesignator=P5 NewDesignator=P8_U_StepperInterface4
Change Component Designator: OldDesignator=P6 NewDesignator=P8_U_StepperInterface2
Change Component Designator: OldDesignator=P7 NewDesignator=P8_U_StepperInterface3
Change Component Designator: OldDesignator=P8 NewDesignator=P8_U_StepperInterface6
Change Component Designator: OldDesignator=P9 NewDesignator=P23_Sense3Pin1
Change Component Designator: OldDesignator=P10 NewDesignator=P24_Drive2Pin1
Change Component Designator: OldDesignator=P11 NewDesignator=P25_Sense2Pin1
Change Component Designator: OldDesignator=P12 NewDesignator=P12_U_StepperInterface6
Change Component Designator: OldDesignator=P13 NewDesignator=P25_Sense2Pin3
Change Component Designator: OldDesignator=P14 NewDesignator=P23_Sense3Pin2
Change Component Designator: OldDesignator=P15 NewDesignator=P24_Drive2Pin2
Change Component Designator: OldDesignator=P16 NewDesignator=P25_Sense2Pin2
Change Component Designator: OldDesignator=P17 NewDesignator=P25_Sense2Pin5
Change Component Designator: OldDesignator=P18 NewDesignator=P23_Sense3Pin3
Change Component Designator: OldDesignator=P19 NewDesignator=P24_Drive2Pin3
Change Component Designator: OldDesignator=P20 NewDesignator=P8_U_StepperInterface5
Change Component Designator: OldDesignator=P21 NewDesignator=P25_Sense2Pin4
Change Component Designator: OldDesignator=P22 NewDesignator=P12_U_StepperInterface5
Change Component Designator: OldDesignator=P23 NewDesignator=P23_Sense3Pin4
Change Component Designator: OldDesignator=P24 NewDesignator=P24_Drive2Pin4
Change Component Designator: OldDesignator=P25 NewDesignator=P25_Sense2Pin6
Change Component Designator: OldDesignator=Q1 NewDesignator=Q1_Drive2Pin4
Change Component Designator: OldDesignator=Q2 NewDesignator=Q1_Drive2Pin1
Change Component Designator: OldDesignator=Q3 NewDesignator=Q1_Drive2Pin2
Change Component Designator: OldDesignator=Q4 NewDesignator=Q1_Drive2Pin3
Change component parameters: Designator = "J1"; Footprint = "TERMINAL_BLOCK"; UniqueID = "\QKXWNINA"
Change component parameters. Clean all parameters for all variants
Change component parameters (AddParameter): Name = "Supplier 1"; Value = "Digi-Key"; VariantName = "[No Variations]"
Change component parameters (AddParameter): Name = "Supplier Part Number 1"; Value = "277-9899-ND"; VariantName = "[No Variations]"
Added Pin To Net: NetName=VCC Pin=J1-1
Added Pin To Net: NetName=GND_U_StepperInterface2 Pin=J1-2
Change Net Name : Old Net Name=NetP23_Drive2Pin1_2 New Net Name=NetP24_Drive2Pin1_2
Change Net Name : Old Net Name=NetP23_Drive2Pin2_2 New Net Name=NetP24_Drive2Pin2_2
Change Net Name : Old Net Name=NetP23_Drive2Pin3_2 New Net Name=NetP24_Drive2Pin3_2
Change Net Name : Old Net Name=NetP23_Drive2Pin4_2 New Net Name=NetP24_Drive2Pin4_2
Change Net Name : Old Net Name=NetR1_1 New Net Name=NetR2_1
Change Net Name : Old Net Name=NetR2_2 New Net Name=NetR3_2
Change Net Name : Old Net Name=NetR4_2 New Net Name=NetR5_2
Change Net Name : Old Net Name=NetR7_2 New Net Name=NetR1_2
Added Member To Class: ClassName=Main Member=Component P1 Header 3
Added Member To Class: ClassName=Main Member=Component U2 Teensy3p6
