Removed Pin From Net: NetName=GND_U_StepperInterface2 Pin=P9-2
Removed Pin From Net: NetName=GND_U_StepperInterface2 Pin=P14-2
Removed Pin From Net: NetName=GND_U_StepperInterface2 Pin=P18-2
Removed Pin From Net: NetName=GND_U_StepperInterface2 Pin=P23-2
Removed Pin From Net: NetName=VDD_U_StepperInterface2 Pin=Q1-3
Removed Pin From Net: NetName=VDD_U_StepperInterface2 Pin=Q2-3
Removed Pin From Net: NetName=VDD_U_StepperInterface2 Pin=Q3-3
Removed Pin From Net: NetName=VDD_U_StepperInterface2 Pin=Q4-3
Change Component Designator: OldDesignator=C1 NewDesignator=C10_U_StepperInterface4
Change Component Designator: OldDesignator=C2 NewDesignator=C10_U_StepperInterface2
Change Component Designator: OldDesignator=C3 NewDesignator=C10_U_StepperInterface3
Change Component Designator: OldDesignator=C10 NewDesignator=C10_U_StepperInterface6
Change Component Designator: OldDesignator=C15 NewDesignator=C10_U_StepperInterface5
Change Component Designator: OldDesignator=P1 NewDesignator=P11_U_StepperInterface4
Change Component Designator: OldDesignator=P2 NewDesignator=P11_U_StepperInterface2
Change Component Designator: OldDesignator=P3 NewDesignator=P11_U_StepperInterface3
Change Component Designator: OldDesignator=P4 NewDesignator=P7_U_StepperInterface4
Change Component Designator: OldDesignator=P5 NewDesignator=P7_U_StepperInterface2
Change Component Designator: OldDesignator=P6 NewDesignator=P7_U_StepperInterface3
Change Component Designator: OldDesignator=P7 NewDesignator=P7_U_StepperInterface6
Change Component Designator: OldDesignator=P8 NewDesignator=P22_Sense3Pin1
Change Component Designator: OldDesignator=P9 NewDesignator=P23_Drive2Pin1
Change Component Designator: OldDesignator=P10 NewDesignator=P24_Sense2Pin1
Change Component Designator: OldDesignator=P11 NewDesignator=P11_U_StepperInterface6
Change Component Designator: OldDesignator=P12 NewDesignator=P24_Sense2Pin3
Change Component Designator: OldDesignator=P13 NewDesignator=P22_Sense3Pin2
Change Component Designator: OldDesignator=P14 NewDesignator=P23_Drive2Pin2
Change Component Designator: OldDesignator=P15 NewDesignator=P24_Sense2Pin2
Change Component Designator: OldDesignator=P16 NewDesignator=P24_Sense2Pin5
Change Component Designator: OldDesignator=P17 NewDesignator=P22_Sense3Pin3
Change Component Designator: OldDesignator=P18 NewDesignator=P23_Drive2Pin3
Change Component Designator: OldDesignator=P19 NewDesignator=P7_U_StepperInterface5
Change Component Designator: OldDesignator=P20 NewDesignator=P24_Sense2Pin4
Change Component Designator: OldDesignator=P21 NewDesignator=P11_U_StepperInterface5
Change Component Designator: OldDesignator=P22 NewDesignator=P22_Sense3Pin4
Change Component Designator: OldDesignator=P23 NewDesignator=P23_Drive2Pin4
Change Component Designator: OldDesignator=P24 NewDesignator=P24_Sense2Pin6
Change Component Designator: OldDesignator=P25 NewDesignator=P1
Change Component Designator: OldDesignator=Q1 NewDesignator=Q1_Drive2Pin1
Change Component Designator: OldDesignator=Q2 NewDesignator=Q1_Drive2Pin2
Change Component Designator: OldDesignator=Q3 NewDesignator=Q1_Drive2Pin3
Change Component Designator: OldDesignator=Q4 NewDesignator=Q1_Drive2Pin4
Added Pin To Net: NetName=VDD_U_StepperInterface2 Pin=P23_Drive2Pin1-1
Added Pin To Net: NetName=VDD_U_StepperInterface2 Pin=P23_Drive2Pin2-1
Added Pin To Net: NetName=VDD_U_StepperInterface2 Pin=P23_Drive2Pin3-1
Added Pin To Net: NetName=VDD_U_StepperInterface2 Pin=P23_Drive2Pin4-1
Added Pin To Net: NetName=GND_U_StepperInterface2 Pin=Q1_Drive2Pin1-2
Added Pin To Net: NetName=GND_U_StepperInterface2 Pin=Q1_Drive2Pin2-2
Added Pin To Net: NetName=GND_U_StepperInterface2 Pin=Q1_Drive2Pin3-2
Added Pin To Net: NetName=GND_U_StepperInterface2 Pin=Q1_Drive2Pin4-2
Added Pin To Net: NetName=NetP23_Drive2Pin1_2 Pin=P23_Drive2Pin1-2
Added Pin To Net: NetName=NetP23_Drive2Pin1_2 Pin=Q1_Drive2Pin1-3
Added Net: Name=NetP23_Drive2Pin1_2
Added Pin To Net: NetName=NetP23_Drive2Pin2_2 Pin=P23_Drive2Pin2-2
Added Pin To Net: NetName=NetP23_Drive2Pin2_2 Pin=Q1_Drive2Pin2-3
Added Net: Name=NetP23_Drive2Pin2_2
Added Pin To Net: NetName=NetP23_Drive2Pin3_2 Pin=P23_Drive2Pin3-2
Added Pin To Net: NetName=NetP23_Drive2Pin3_2 Pin=Q1_Drive2Pin3-3
Added Net: Name=NetP23_Drive2Pin3_2
Added Pin To Net: NetName=NetP23_Drive2Pin4_2 Pin=P23_Drive2Pin4-2
Added Pin To Net: NetName=NetP23_Drive2Pin4_2 Pin=Q1_Drive2Pin4-3
Added Net: Name=NetP23_Drive2Pin4_2
