Removed Pin From Net: NetName=DIR_M6 Pin=U1-19
Removed Pin From Net: NetName=DIR_M5 Pin=U1-20
Removed Pin From Net: NetName=STEP_M6 Pin=U1-28
Removed Pin From Net: NetName=EN_M6 Pin=U1-56
Removed Pin From Net: NetName=EN_M5 Pin=U1-64
Removed Pin From Net: NetName=CHOP_M6 Pin=U1-65
Change Component Designator: OldDesignator=C1 NewDesignator=C10_U_StepperInterface4
Change Component Designator: OldDesignator=C2 NewDesignator=C10_U_StepperInterface2
Change Component Designator: OldDesignator=C3 NewDesignator=C10_U_StepperInterface3
Change Component Designator: OldDesignator=C10 NewDesignator=C10_U_StepperInterface6
Change Component Designator: OldDesignator=C15 NewDesignator=C10_U_StepperInterface5
Change Component Designator: OldDesignator=P1 NewDesignator=P11_U_StepperInterface4
Change Component Designator: OldDesignator=P2 NewDesignator=P11_U_StepperInterface2
Change Component Designator: OldDesignator=P3 NewDesignator=P11_U_StepperInterface3
Change Component Designator: OldDesignator=P4 NewDesignator=P7_U_StepperInterface4
Change Component Designator: OldDesignator=P5 NewDesignator=P7_U_StepperInterface2
Change Component Designator: OldDesignator=P6 NewDesignator=P7_U_StepperInterface3
Change Component Designator: OldDesignator=P7 NewDesignator=P7_U_StepperInterface6
Change Component Designator: OldDesignator=P8 NewDesignator=P22_Sense3Pin1
Change Component Designator: OldDesignator=P9 NewDesignator=P23_Drive2Pin1
Change Component Designator: OldDesignator=P10 NewDesignator=P24_Sense2Pin1
Change Component Designator: OldDesignator=P11 NewDesignator=P11_U_StepperInterface6
Change Component Designator: OldDesignator=P12 NewDesignator=P24_Sense2Pin3
Change Component Designator: OldDesignator=P13 NewDesignator=P22_Sense3Pin2
Change Component Designator: OldDesignator=P14 NewDesignator=P23_Drive2Pin2
Change Component Designator: OldDesignator=P15 NewDesignator=P24_Sense2Pin2
Change Component Designator: OldDesignator=P16 NewDesignator=P24_Sense2Pin5
Change Component Designator: OldDesignator=P17 NewDesignator=P7_U_StepperInterface5
Change Component Designator: OldDesignator=P18 NewDesignator=P22_Sense3Pin3
Change Component Designator: OldDesignator=P19 NewDesignator=P23_Drive2Pin3
Change Component Designator: OldDesignator=P20 NewDesignator=P24_Sense2Pin4
Change Component Designator: OldDesignator=P21 NewDesignator=P11_U_StepperInterface5
Change Component Designator: OldDesignator=P22 NewDesignator=P22_Sense3Pin4
Change Component Designator: OldDesignator=P23 NewDesignator=P23_Drive2Pin4
Change Component Designator: OldDesignator=P24 NewDesignator=P24_Sense2Pin6
Change Component Designator: OldDesignator=Q1 NewDesignator=Q4_Drive2Pin1
Change Component Designator: OldDesignator=Q2 NewDesignator=Q4_Drive2Pin2
Change Component Designator: OldDesignator=Q3 NewDesignator=Q4_Drive2Pin3
Change Component Designator: OldDesignator=Q4 NewDesignator=Q4_Drive2Pin4
Added Pin To Net: NetName=CHOP_M6 Pin=U1-28
Added Pin To Net: NetName=STEP_M6 Pin=U1-29
Added Pin To Net: NetName=DIR_M6 Pin=U1-30
Added Pin To Net: NetName=EN_M6 Pin=U1-66
Added Pin To Net: NetName=EN_M5 Pin=U1-67
Added Pin To Net: NetName=DIR_M5 Pin=U1-68
Change Net Name : Old Net Name=NetP19_Drive2Pin1_1 New Net Name=NetP23_Drive2Pin1_1
Change Net Name : Old Net Name=NetP19_Drive2Pin2_1 New Net Name=NetP23_Drive2Pin2_1
Change Net Name : Old Net Name=NetP19_Drive2Pin3_1 New Net Name=NetP23_Drive2Pin3_1
Change Net Name : Old Net Name=NetP19_Drive2Pin4_1 New Net Name=NetP23_Drive2Pin4_1
