Removed Pin From Net: NetName=VCC Pin=J1-1
Removed Pin From Net: NetName=GND Pin=J1-2
Removed Member From Class: ClassName=Main Member=J1
Change Component Designator: OldDesignator=C1 NewDesignator=C10_U_StepperInterface4
Change Component Designator: OldDesignator=C2 NewDesignator=C10_U_StepperInterface2
Change Component Designator: OldDesignator=C3 NewDesignator=C10_U_StepperInterface3
Change Component Designator: OldDesignator=C10 NewDesignator=C10_U_StepperInterface6
Change Component Designator: OldDesignator=C14 NewDesignator=C10_U_StepperInterface5
Change Component Designator: OldDesignator=P2 NewDesignator=P12_U_StepperInterface4
Change Component Designator: OldDesignator=P3 NewDesignator=P12_U_StepperInterface2
Change Component Designator: OldDesignator=P4 NewDesignator=P12_U_StepperInterface3
Change Component Designator: OldDesignator=P5 NewDesignator=P8_U_StepperInterface4
Change Component Designator: OldDesignator=P6 NewDesignator=P8_U_StepperInterface2
Change Component Designator: OldDesignator=P7 NewDesignator=P8_U_StepperInterface3
Change Component Designator: OldDesignator=P8 NewDesignator=P8_U_StepperInterface6
Change Component Designator: OldDesignator=P9 NewDesignator=P23_Sense3Pin1
Change Component Designator: OldDesignator=P10 NewDesignator=P23_Drive2Pin1
Change Component Designator: OldDesignator=P11 NewDesignator=P25_Sense2Pin1
Change Component Designator: OldDesignator=P12 NewDesignator=P12_U_StepperInterface6
Change Component Designator: OldDesignator=P13 NewDesignator=P25_Sense2Pin3
Change Component Designator: OldDesignator=P14 NewDesignator=P23_Sense3Pin2
Change Component Designator: OldDesignator=P15 NewDesignator=P23_Drive2Pin2
Change Component Designator: OldDesignator=P16 NewDesignator=P25_Sense2Pin2
Change Component Designator: OldDesignator=P17 NewDesignator=P25_Sense2Pin5
Change Component Designator: OldDesignator=P18 NewDesignator=P23_Sense3Pin3
Change Component Designator: OldDesignator=P19 NewDesignator=P23_Drive2Pin3
Change Component Designator: OldDesignator=P20 NewDesignator=P8_U_StepperInterface5
Change Component Designator: OldDesignator=P21 NewDesignator=P25_Sense2Pin4
Change Component Designator: OldDesignator=P22 NewDesignator=P12_U_StepperInterface5
Change Component Designator: OldDesignator=P23 NewDesignator=P23_Sense3Pin4
Change Component Designator: OldDesignator=P24 NewDesignator=P23_Drive2Pin4
Change Component Designator: OldDesignator=P25 NewDesignator=P25_Sense2Pin6
Change Component Designator: OldDesignator=Q1 NewDesignator=Q1_Drive2Pin4
Change Component Designator: OldDesignator=Q2 NewDesignator=Q1_Drive2Pin1
Change Component Designator: OldDesignator=Q3 NewDesignator=Q1_Drive2Pin2
Change Component Designator: OldDesignator=Q4 NewDesignator=Q1_Drive2Pin3
Added Component: Designator=P2(HDR1X2)
Add component. Clean all parameters for all variants
Add component (AddParameter): Name = "LatestRevisionDate"; Value = "17-Jul-2002"; VariantName = "[No Variations]"
Add component (AddParameter): Name = "LatestRevisionNote"; Value = "Re-released for DXP Platform."; VariantName = "[No Variations]"
Add component (AddParameter): Name = "Publisher"; Value = "Altium Limited"; VariantName = "[No Variations]"
Added Pin To Net: NetName=VCC Pin=P2-1
Added Pin To Net: NetName=GND Pin=P2-2
Change Net Name : Old Net Name=GND New Net Name=GND_U_StepperInterface2
Change Net Name : Old Net Name=POS3V3 New Net Name=COMM_U_StepperInterface2
Change Net Name : Old Net Name=VDD New Net Name=VDD_U_StepperInterface2
Added Member To Class: ClassName=Main Member=Component P2 Header 2
