Change Component Designator: OldDesignator=C3 NewDesignator=C14_U_StepperInterface4
Change Component Designator: OldDesignator=C4 NewDesignator=C14_U_StepperInterface2
Change Component Designator: OldDesignator=C5 NewDesignator=C14_U_StepperInterface3
Change Component Designator: OldDesignator=C14 NewDesignator=C14_U_StepperInterface6
Change Component Designator: OldDesignator=C15 NewDesignator=C14_U_StepperInterface5
Change Component Designator: OldDesignator=P1 NewDesignator=P12_U_StepperInterface4
Change Component Designator: OldDesignator=P2 NewDesignator=P12_U_StepperInterface2
Change Component Designator: OldDesignator=P3 NewDesignator=P12_U_StepperInterface3
Change Component Designator: OldDesignator=P4 NewDesignator=P14_U_StepperInterface4
Change Component Designator: OldDesignator=P5 NewDesignator=P14_U_StepperInterface2
Change Component Designator: OldDesignator=P6 NewDesignator=P14_U_StepperInterface3
Change Component Designator: OldDesignator=P7 NewDesignator=P25_Sense3Pin1
Change Component Designator: OldDesignator=P8 NewDesignator=P22_Drive2Pin1
Change Component Designator: OldDesignator=P9 NewDesignator=P16_Sense2Pin2
Change Component Designator: OldDesignator=P10 NewDesignator=P16_Sense2Pin3
Change Component Designator: OldDesignator=P11 NewDesignator=P25_Sense3Pin2
Change Component Designator: OldDesignator=P12 NewDesignator=P22_Drive2Pin2
Change Component Designator: OldDesignator=P13 NewDesignator=P12_U_StepperInterface6
Change Component Designator: OldDesignator=P14 NewDesignator=P16_Sense2Pin4
Change Component Designator: OldDesignator=P15 NewDesignator=P16_Sense2Pin5
Change Component Designator: OldDesignator=P16 NewDesignator=P14_U_StepperInterface6
Change Component Designator: OldDesignator=P17 NewDesignator=P25_Sense3Pin3
Change Component Designator: OldDesignator=P18 NewDesignator=P22_Drive2Pin4
Change Component Designator: OldDesignator=P19 NewDesignator=P16_Sense2Pin6
Change Component Designator: OldDesignator=P20 NewDesignator=P25_Sense3Pin4
Change Component Designator: OldDesignator=P21 NewDesignator=P22_Drive2Pin3
Change Component Designator: OldDesignator=P22 NewDesignator=P16_Sense2Pin1
Change Component Designator: OldDesignator=P23 NewDesignator=P12_U_StepperInterface5
Change Component Designator: OldDesignator=P24 NewDesignator=P14_U_StepperInterface5
Change Component Designator: OldDesignator=Q1 NewDesignator=Q3_Drive2Pin1
Change Component Designator: OldDesignator=Q2 NewDesignator=Q3_Drive2Pin2
Change Component Designator: OldDesignator=Q3 NewDesignator=Q3_Drive2Pin4
Change Component Designator: OldDesignator=Q4 NewDesignator=Q3_Drive2Pin3
