Change Physical Footprint: Designator=C1 Old Footprint=C0805 New Footprint=C0805
Change Physical Footprint: Designator=C2 Old Footprint=C0805 New Footprint=C0805
Change Physical Footprint: Designator=C6 Old Footprint=C0805 New Footprint=C0805
Change Physical Footprint: Designator=C7 Old Footprint=C0805 New Footprint=C0805
Change Physical Footprint: Designator=C8 Old Footprint=C0805 New Footprint=C0805
Change Physical Footprint: Designator=C9 Old Footprint=C0805 New Footprint=C0805
Change Physical Footprint: Designator=C10 Old Footprint=CAP_EEFK_D8 New Footprint=CAP_EEFK_D8
Change Physical Footprint: Designator=C11 Old Footprint=C0805 New Footprint=C0805
Change Physical Footprint: Designator=C12 Old Footprint=C0805 New Footprint=C0805
Change Physical Footprint: Designator=C13 Old Footprint=CAP_EEFK_D8 New Footprint=CAP_EEFK_D8
Change Physical Footprint: Designator=C14_U_StepperInterface2 Old Footprint=CAP_EEFK_D8 New Footprint=CAP_EEFK_D8
Change Physical Footprint: Designator=C14_U_StepperInterface3 Old Footprint=CAP_EEFK_D8 New Footprint=CAP_EEFK_D8
Change Physical Footprint: Designator=C14_U_StepperInterface4 Old Footprint=CAP_EEFK_D8 New Footprint=CAP_EEFK_D8
Change Physical Footprint: Designator=C14_U_StepperInterface5 Old Footprint=CAP_EEFK_D8 New Footprint=CAP_EEFK_D8
Change Physical Footprint: Designator=C14_U_StepperInterface6 Old Footprint=CAP_EEFK_D8 New Footprint=CAP_EEFK_D8
Change Physical Footprint: Designator=D1 Old Footprint=DPAK New Footprint=DPAK
Change Physical Footprint: Designator=J1 Old Footprint=CXKF-KF129C-2_V New Footprint=CXKF-KF129C-2_V
Change Physical Footprint: Designator=L1 Old Footprint=IHLP-2525C7 New Footprint=IHLP-2525C7
Change Physical Footprint: Designator=P12_U_StepperInterface2 Old Footprint=HDR1X9 New Footprint=HDR1X9
Change Physical Footprint: Designator=P12_U_StepperInterface3 Old Footprint=HDR1X9 New Footprint=HDR1X9
Change Physical Footprint: Designator=P12_U_StepperInterface4 Old Footprint=HDR1X9 New Footprint=HDR1X9
Change Physical Footprint: Designator=P12_U_StepperInterface5 Old Footprint=HDR1X9 New Footprint=HDR1X9
Change Physical Footprint: Designator=P12_U_StepperInterface6 Old Footprint=HDR1X9 New Footprint=HDR1X9
Change Physical Footprint: Designator=P14_U_StepperInterface2 Old Footprint=HDR1X3 New Footprint=HDR1X3
Change Physical Footprint: Designator=P14_U_StepperInterface3 Old Footprint=HDR1X3 New Footprint=HDR1X3
Change Physical Footprint: Designator=P14_U_StepperInterface4 Old Footprint=HDR1X3 New Footprint=HDR1X3
Change Physical Footprint: Designator=P14_U_StepperInterface5 Old Footprint=HDR1X3 New Footprint=HDR1X3
Change Physical Footprint: Designator=P14_U_StepperInterface6 Old Footprint=HDR1X3 New Footprint=HDR1X3
Change Physical Footprint: Designator=P16_Sense2Pin1 Old Footprint=HDR1X2 New Footprint=HDR1X2
Change Physical Footprint: Designator=P16_Sense2Pin2 Old Footprint=HDR1X2 New Footprint=HDR1X2
Change Physical Footprint: Designator=P16_Sense2Pin3 Old Footprint=HDR1X2 New Footprint=HDR1X2
Change Physical Footprint: Designator=P16_Sense2Pin4 Old Footprint=HDR1X2 New Footprint=HDR1X2
Change Physical Footprint: Designator=P16_Sense2Pin5 Old Footprint=HDR1X2 New Footprint=HDR1X2
Change Physical Footprint: Designator=P16_Sense2Pin6 Old Footprint=HDR1X2 New Footprint=HDR1X2
Change Physical Footprint: Designator=P22_Drive2Pin1 Old Footprint=HDR1X2 New Footprint=HDR1X2
Change Physical Footprint: Designator=P22_Drive2Pin2 Old Footprint=HDR1X2 New Footprint=HDR1X2
Change Physical Footprint: Designator=P22_Drive2Pin3 Old Footprint=HDR1X2 New Footprint=HDR1X2
Change Physical Footprint: Designator=P22_Drive2Pin4 Old Footprint=HDR1X2 New Footprint=HDR1X2
Change Physical Footprint: Designator=P25_Sense3Pin1 Old Footprint=HDR1X3 New Footprint=HDR1X3
Change Physical Footprint: Designator=P25_Sense3Pin2 Old Footprint=HDR1X3 New Footprint=HDR1X3
Change Physical Footprint: Designator=P25_Sense3Pin3 Old Footprint=HDR1X3 New Footprint=HDR1X3
Change Physical Footprint: Designator=P25_Sense3Pin4 Old Footprint=HDR1X3 New Footprint=HDR1X3
Change Physical Footprint: Designator=Q3_Drive2Pin1 Old Footprint=E3 New Footprint=E3
Change Physical Footprint: Designator=Q3_Drive2Pin2 Old Footprint=E3 New Footprint=E3
Change Physical Footprint: Designator=Q3_Drive2Pin3 Old Footprint=E3 New Footprint=E3
Change Physical Footprint: Designator=Q3_Drive2Pin4 Old Footprint=E3 New Footprint=E3
Change Physical Footprint: Designator=R1 Old Footprint=R0805 New Footprint=R0805
Change Physical Footprint: Designator=R2 Old Footprint=R0805 New Footprint=R0805
Change Physical Footprint: Designator=R3 Old Footprint=R0805 New Footprint=R0805
Change Physical Footprint: Designator=R4 Old Footprint=R0805 New Footprint=R0805
Change Physical Footprint: Designator=R5 Old Footprint=R0805 New Footprint=R0805
Change Physical Footprint: Designator=R6 Old Footprint=R0805 New Footprint=R0805
Change Physical Footprint: Designator=U1 Old Footprint=DDA8 New Footprint=DDA8
Change Physical Footprint: Designator=U2 Old Footprint=Teensy3p6_full New Footprint=Teensy3p6_full
