Change Component Designator: OldDesignator=C10 NewDesignator=C2
Change Component Designator: OldDesignator=C2 NewDesignator=C3
Change Component Designator: OldDesignator=C3 NewDesignator=C1
Change Component Designator: OldDesignator=C1 NewDesignator=C14
Change Component Designator: OldDesignator=C14 NewDesignator=C10
Change Component Designator: OldDesignator=C14 NewDesignator=C15
Change Component Designator: OldDesignator=P7 NewDesignator=P6
Change Component Designator: OldDesignator=P6 NewDesignator=P7
Change Component Designator: OldDesignator=P7 NewDesignator=P5
Change Component Designator: OldDesignator=P5 NewDesignator=P20
Change Component Designator: OldDesignator=P20 NewDesignator=P8
Change Component Designator: OldDesignator=P11 NewDesignator=P3
Change Component Designator: OldDesignator=P3 NewDesignator=P4
Change Component Designator: OldDesignator=P4 NewDesignator=P2
Change Component Designator: OldDesignator=P2 NewDesignator=P22
Change Component Designator: OldDesignator=P22 NewDesignator=P12
Change Component Designator: OldDesignator=P22 NewDesignator=P9
Change Component Designator: OldDesignator=P9 NewDesignator=P14
Change Component Designator: OldDesignator=P14 NewDesignator=P18
Change Component Designator: OldDesignator=P18 NewDesignator=P23
Change Component Designator: OldDesignator=P23 NewDesignator=P10
Change Component Designator: OldDesignator=P10 NewDesignator=P15
Change Component Designator: OldDesignator=P15 NewDesignator=P19
Change Component Designator: OldDesignator=P19 NewDesignator=P24
Change Component Designator: OldDesignator=P24 NewDesignator=P11
Change Component Designator: OldDesignator=P11 NewDesignator=P16
Change Component Designator: OldDesignator=P16 NewDesignator=P13
Change Component Designator: OldDesignator=P13 NewDesignator=P21
Change Component Designator: OldDesignator=P21 NewDesignator=P17
Change Component Designator: OldDesignator=P17 NewDesignator=P25
Change Component Designator: OldDesignator=Q1 NewDesignator=Q2
Change Component Designator: OldDesignator=Q2 NewDesignator=Q3
Change Component Designator: OldDesignator=Q3 NewDesignator=Q4
Change Component Designator: OldDesignator=Q4 NewDesignator=Q1
Change Component Designator: OldDesignator=R1 NewDesignator=R2
Change Component Designator: OldDesignator=R2 NewDesignator=R3
Change Component Designator: OldDesignator=R3 NewDesignator=R4
Change Component Designator: OldDesignator=R4 NewDesignator=R5
Change Component Designator: OldDesignator=R5 NewDesignator=R6
Change Component Designator: OldDesignator=R6 NewDesignator=R7
Change Component Designator: OldDesignator=R7 NewDesignator=R1
Change Component Designator: OldDesignator=U1 NewDesignator=U2
Change Component Designator: OldDesignator=U2 NewDesignator=U3
Change Component Designator: OldDesignator=U3 NewDesignator=U1
