Removed Pin From Net: NetName=2Signal9 Pin=U1-38
Change Component Designator: OldDesignator=P2_U_StepperInterface1 NewDesignator=P2_U_StepperInterface2
Change Component Designator: OldDesignator=P2_U_StepperInterface2 NewDesignator=P2_U_StepperInterface6
Change Component Designator: OldDesignator=P2_U_StepperInterface3 NewDesignator=P2_U_StepperInterface5
Change Component Designator: OldDesignator=P2_U_StepperInterface5 NewDesignator=P2_U_StepperInterface3
Change Component Designator: OldDesignator=P3_U_StepperInterface1 NewDesignator=P3_U_StepperInterface2
Change Component Designator: OldDesignator=P3_U_StepperInterface2 NewDesignator=P3_U_StepperInterface6
Change Component Designator: OldDesignator=P3_U_StepperInterface3 NewDesignator=P3_U_StepperInterface5
Change Component Designator: OldDesignator=P3_U_StepperInterface5 NewDesignator=P3_U_StepperInterface3
Change Component Designator: OldDesignator=P4_U_Drive2Pin1 NewDesignator=P4_Drive2Pin1
Change Component Designator: OldDesignator=P4_U_Drive2Pin2 NewDesignator=P4_Drive2Pin2
Change Component Designator: OldDesignator=P4_U_Drive2Pin3 NewDesignator=P4_Drive2Pin3
Change Component Designator: OldDesignator=P4_U_Drive2Pin4 NewDesignator=P4_Drive2Pin4
Change Component Designator: OldDesignator=P5_U_Sense2Pin1 NewDesignator=P5_Sense2Pin1
Change Component Designator: OldDesignator=P5_U_Sense2Pin2 NewDesignator=P5_Sense2Pin2
Change Component Designator: OldDesignator=P5_U_Sense2Pin3 NewDesignator=P5_Sense2Pin3
Change Component Designator: OldDesignator=P5_U_Sense2Pin4 NewDesignator=P5_Sense2Pin4
Change Component Designator: OldDesignator=P5_U_Sense2Pin5 NewDesignator=P5_Sense2Pin5
Change Component Designator: OldDesignator=P5_U_Sense2Pin6 NewDesignator=P5_Sense2Pin6
Change Component Designator: OldDesignator=P6_U_Sense3Pin1 NewDesignator=P6_Sense3Pin1
Change Component Designator: OldDesignator=P6_U_Sense3Pin2 NewDesignator=P6_Sense3Pin2
Change Component Designator: OldDesignator=P6_U_Sense3Pin3 NewDesignator=P6_Sense3Pin3
Change Component Designator: OldDesignator=P6_U_Sense3Pin4 NewDesignator=P6_Sense3Pin4
Change Component Designator: OldDesignator=Q1_U_Drive2Pin1 NewDesignator=Q1_Drive2Pin1
Change Component Designator: OldDesignator=Q1_U_Drive2Pin2 NewDesignator=Q1_Drive2Pin2
Change Component Designator: OldDesignator=Q1_U_Drive2Pin3 NewDesignator=Q1_Drive2Pin3
Change Component Designator: OldDesignator=Q1_U_Drive2Pin4 NewDesignator=Q1_Drive2Pin4
Change Net Name : Old Net Name=COMM_U_StepperInterface1 New Net Name=COMM_U_StepperInterface2
Change Net Name : Old Net Name=GND_U_StepperInterface1 New Net Name=GND_U_StepperInterface2
Change Net Name : Old Net Name=NetP4_U_Drive2Pin1_1 New Net Name=NetP4_Drive2Pin1_1
Change Net Name : Old Net Name=NetP4_U_Drive2Pin2_1 New Net Name=NetP4_Drive2Pin2_1
Change Net Name : Old Net Name=NetP4_U_Drive2Pin3_1 New Net Name=NetP4_Drive2Pin3_1
Change Net Name : Old Net Name=NetP4_U_Drive2Pin4_1 New Net Name=NetP4_Drive2Pin4_1
Change Net Name : Old Net Name=NetP5_U_Sense2Pin1_1 New Net Name=NetP5_Sense2Pin1_1
Change Net Name : Old Net Name=NetP5_U_Sense2Pin2_1 New Net Name=NetP5_Sense2Pin2_1
Change Net Name : Old Net Name=NetP5_U_Sense2Pin3_1 New Net Name=NetP5_Sense2Pin3_1
Change Net Name : Old Net Name=NetP5_U_Sense2Pin4_1 New Net Name=NetP5_Sense2Pin4_1
Change Net Name : Old Net Name=NetP5_U_Sense2Pin5_1 New Net Name=NetP5_Sense2Pin5_1
Change Net Name : Old Net Name=NetP5_U_Sense2Pin6_1 New Net Name=NetP5_Sense2Pin6_1
Change Net Name : Old Net Name=NetP6_U_Sense3Pin1_1 New Net Name=NetP6_Sense3Pin1_1
Change Net Name : Old Net Name=NetP6_U_Sense3Pin2_1 New Net Name=NetP6_Sense3Pin2_1
Change Net Name : Old Net Name=NetP6_U_Sense3Pin3_1 New Net Name=NetP6_Sense3Pin3_1
Change Net Name : Old Net Name=NetP6_U_Sense3Pin4_1 New Net Name=NetP6_Sense3Pin4_1
Change Net Name : Old Net Name=NetQ1_U_Drive2Pin1_2 New Net Name=NetQ1_Drive2Pin1_2
Change Net Name : Old Net Name=NetQ1_U_Drive2Pin2_2 New Net Name=NetQ1_Drive2Pin2_2
Change Net Name : Old Net Name=NetQ1_U_Drive2Pin3_2 New Net Name=NetQ1_Drive2Pin3_2
Change Net Name : Old Net Name=NetQ1_U_Drive2Pin4_2 New Net Name=NetQ1_Drive2Pin4_2
Change Net Name : Old Net Name=VDD_U_StepperInterface1 New Net Name=VDD_U_StepperInterface2
Change Class Name : Old Net Name=U_Drive2Pin1 New Net Name=Drive2Pin1
Change Class Name : Old Net Name=U_Drive2Pin2 New Net Name=Drive2Pin2
Change Class Name : Old Net Name=U_Drive2Pin3 New Net Name=Drive2Pin3
Change Class Name : Old Net Name=U_Drive2Pin4 New Net Name=Drive2Pin4
Change Class Name : Old Net Name=U_Sense2Pin1 New Net Name=Sense2Pin1
Change Class Name : Old Net Name=U_Sense2Pin2 New Net Name=Sense2Pin2
Change Class Name : Old Net Name=U_Sense2Pin3 New Net Name=Sense2Pin3
Change Class Name : Old Net Name=U_Sense2Pin4 New Net Name=Sense2Pin4
Change Class Name : Old Net Name=U_Sense2Pin5 New Net Name=Sense2Pin5
Change Class Name : Old Net Name=U_Sense2Pin6 New Net Name=Sense2Pin6
Change Class Name : Old Net Name=U_Sense3Pin1 New Net Name=Sense3Pin1
Change Class Name : Old Net Name=U_Sense3Pin2 New Net Name=Sense3Pin2
Change Class Name : Old Net Name=U_Sense3Pin3 New Net Name=Sense3Pin3
Change Class Name : Old Net Name=U_Sense3Pin4 New Net Name=Sense3Pin4
Added Class: Name=U_StepperInterface6
Change Room Name: Old Name=U_Sense3Pin2 New Name=Sense3Pin4
Change Room Scope: Old Scope=InComponentClass('U_Sense3Pin2') New Scope=InComponentClass('Sense3Pin4')
Change Room Name: Old Name=U_Sense3Pin3 New Name=Sense3Pin3
Change Room Scope: Old Scope=InComponentClass('U_Sense3Pin3') New Scope=InComponentClass('Sense3Pin3')
Added Room: Name=Drive2Pin1
Added Room: Name=Drive2Pin2
Added Room: Name=Drive2Pin3
Added Room: Name=Drive2Pin4
Added Room: Name=Sense2Pin1
Added Room: Name=Sense2Pin2
Added Room: Name=Sense2Pin3
Added Room: Name=Sense2Pin4
Added Room: Name=Sense2Pin5
Added Room: Name=Sense2Pin6
Added Room: Name=Sense3Pin1
Added Room: Name=Sense3Pin2
Added Room: Name=U_StepperInterface6
